<?xml version="1.0" encoding="UTF-8"?>
<testng-results total="1" passed="1" failed="0" skipped="0">
  <reporter-output>
  </reporter-output>
  <suite started-at="2020-09-24T15:39:03Z" name="Execution - Chrome" finished-at="2020-09-24T15:39:36Z" duration-ms="32719">
    <groups>
    </groups>
    <test started-at="2020-09-24T15:39:03Z" name="Login" finished-at="2020-09-24T15:39:36Z" duration-ms="32719">
      <class name="execution.login.Login">
        <test-method is-config="true" signature="beforeSuite(org.testng.ITestContext, java.lang.String, java.lang.String, java.lang.String, java.lang.String, java.lang.String, java.lang.String, java.lang.String, java.lang.String, java.lang.String, java.lang.String, java.lang.String, java.lang.String, java.lang.String, java.lang.String)[pri:0, instance:execution.login.Login@25b485ba]" started-at="2020-09-24T12:39:03Z" name="beforeSuite" finished-at="2020-09-24T12:39:03Z" duration-ms="299" status="PASS">
          <params>
            <param index="0">
              <value>
                <![CDATA[org.testng.TestRunner@303a5119]]>
              </value>
            </param>
            <param index="1">
              <value>
                <![CDATA[TradeTools]]>
              </value>
            </param>
            <param index="2">
              <value>
                <![CDATA[http://10.13.0.2/]]>
              </value>
            </param>
            <param index="3">
              <value>
                <![CDATA[CHROME]]>
              </value>
            </param>
            <param index="4">
              <value>
                <![CDATA[1920]]>
              </value>
            </param>
            <param index="5">
              <value>
                <![CDATA[1080]]>
              </value>
            </param>
            <param index="6">
              <value>
                <![CDATA[LOCAL]]>
              </value>
            </param>
            <param index="7">
              <value>
                <![CDATA[http://10.13.0.10:4444/wd/hub]]>
              </value>
            </param>
            <param index="8">
              <value>
                <![CDATA[]]>
              </value>
            </param>
            <param index="9">
              <value>
                <![CDATA[80.0]]>
              </value>
            </param>
            <param index="10">
              <value>
                <![CDATA[true]]>
              </value>
            </param>
            <param index="11">
              <value>
                <![CDATA[SUITE]]>
              </value>
            </param>
            <param index="12">
              <value>
                <![CDATA[false]]>
              </value>
            </param>
            <param index="13">
              <value>
                <![CDATA[]]>
              </value>
            </param>
            <param index="14">
              <value>
                <![CDATA[]]>
              </value>
            </param>
          </params>
          <reporter-output>
          </reporter-output>
        </test-method> <!-- beforeSuite -->
        <test-method is-config="true" signature="beforeClass(org.testng.ITestContext)[pri:0, instance:execution.login.Login@25b485ba]" started-at="2020-09-24T12:39:03Z" name="beforeClass" finished-at="2020-09-24T12:39:03Z" duration-ms="4" status="PASS">
          <params>
            <param index="0">
              <value>
                <![CDATA[org.testng.TestRunner@303a5119]]>
              </value>
            </param>
          </params>
          <reporter-output>
          </reporter-output>
        </test-method> <!-- beforeClass -->
        <test-method is-config="true" signature="beforeMethod(java.lang.reflect.Method, java.lang.String, java.lang.String, java.lang.String, java.lang.String, java.lang.String, java.lang.String, java.lang.String, java.lang.String, java.lang.String, java.lang.String, java.lang.String, java.lang.String, java.lang.String, java.lang.String)[pri:0, instance:execution.login.Login@25b485ba]" started-at="2020-09-24T12:39:03Z" name="beforeMethod" finished-at="2020-09-24T12:39:21Z" duration-ms="17859" status="PASS">
          <params>
            <param index="0">
              <value>
                <![CDATA[public void execution.login.Login.realizarLoginComSucesso(java.lang.String,java.lang.String,java.lang.String,java.lang.String,java.lang.String,java.lang.String) throws java.io.IOException]]>
              </value>
            </param>
            <param index="1">
              <value>
                <![CDATA[TradeTools]]>
              </value>
            </param>
            <param index="2">
              <value>
                <![CDATA[http://10.13.0.2/]]>
              </value>
            </param>
            <param index="3">
              <value>
                <![CDATA[CHROME]]>
              </value>
            </param>
            <param index="4">
              <value>
                <![CDATA[1920]]>
              </value>
            </param>
            <param index="5">
              <value>
                <![CDATA[1080]]>
              </value>
            </param>
            <param index="6">
              <value>
                <![CDATA[LOCAL]]>
              </value>
            </param>
            <param index="7">
              <value>
                <![CDATA[http://10.13.0.10:4444/wd/hub]]>
              </value>
            </param>
            <param index="8">
              <value>
                <![CDATA[]]>
              </value>
            </param>
            <param index="9">
              <value>
                <![CDATA[80.0]]>
              </value>
            </param>
            <param index="10">
              <value>
                <![CDATA[true]]>
              </value>
            </param>
            <param index="11">
              <value>
                <![CDATA[SUITE]]>
              </value>
            </param>
            <param index="12">
              <value>
                <![CDATA[false]]>
              </value>
            </param>
            <param index="13">
              <value>
                <![CDATA[]]>
              </value>
            </param>
            <param index="14">
              <value>
                <![CDATA[]]>
              </value>
            </param>
          </params>
          <reporter-output>
          </reporter-output>
        </test-method> <!-- beforeMethod -->
        <test-method signature="realizarLoginComSucesso(java.lang.String, java.lang.String, java.lang.String, java.lang.String, java.lang.String, java.lang.String)[pri:0, instance:execution.login.Login@25b485ba]" started-at="2020-09-24T12:39:21Z" name="realizarLoginComSucesso" data-provider="realizarLoginComSucesso" finished-at="2020-09-24T12:39:35Z" duration-ms="14393" status="PASS">
          <params>
            <param index="0">
              <value>
                <![CDATA[LoginForm_username]]>
              </value>
            </param>
            <param index="1">
              <value>
                <![CDATA[fidmaster]]>
              </value>
            </param>
            <param index="2">
              <value>
                <![CDATA[LoginForm_password]]>
              </value>
            </param>
            <param index="3">
              <value>
                <![CDATA[BtnEnviar]]>
              </value>
            </param>
            <param index="4">
              <value>
                <![CDATA[q1w2e3r4t5]]>
              </value>
            </param>
            <param index="5">
              <value>
                <![CDATA[http://10.13.0.2/index.php?r=transferorder/operadorMaster/update&id=3]]>
              </value>
            </param>
          </params>
          <reporter-output>
          </reporter-output>
        </test-method> <!-- realizarLoginComSucesso -->
        <test-method is-config="true" signature="closeBrowser(org.testng.ITestResult)[pri:0, instance:execution.login.Login@25b485ba]" started-at="2020-09-24T12:39:35Z" name="closeBrowser" finished-at="2020-09-24T12:39:35Z" duration-ms="78" status="PASS">
          <params>
            <param index="0">
              <value>
                <![CDATA[[TestResult name=realizarLoginComSucesso status=SUCCESS method=Login.realizarLoginComSucesso(java.lang.String, java.lang.String, java.lang.String, java.lang.String, java.lang.String, java.lang.String)[pri:0, instance:execution.login.Login@25b485ba] output={null}]]]>
              </value>
            </param>
          </params>
          <reporter-output>
          </reporter-output>
        </test-method> <!-- closeBrowser -->
        <test-method is-config="true" signature="afterClass()[pri:0, instance:execution.login.Login@25b485ba]" started-at="2020-09-24T12:39:35Z" name="afterClass" finished-at="2020-09-24T12:39:36Z" duration-ms="345" status="PASS">
          <reporter-output>
          </reporter-output>
        </test-method> <!-- afterClass -->
        <test-method is-config="true" signature="afterSuite()[pri:0, instance:execution.login.Login@25b485ba]" started-at="2020-09-24T12:39:36Z" name="afterSuite" finished-at="2020-09-24T12:39:36Z" duration-ms="0" status="PASS">
          <reporter-output>
          </reporter-output>
        </test-method> <!-- afterSuite -->
      </class> <!-- execution.login.Login -->
    </test> <!-- Login -->
  </suite> <!-- Execution - Chrome -->
</testng-results>
